\BOOKMARK [0][-]{chapter.1}{Introduction}{}% 1
\BOOKMARK [1][-]{section.1.1}{A brief history of drones}{chapter.1}% 2
\BOOKMARK [1][-]{section.1.2}{Motivation}{chapter.1}% 3
\BOOKMARK [2][-]{subsection.1.2.1}{Ethical considerations}{section.1.2}% 4
\BOOKMARK [1][-]{section.1.3}{Context}{chapter.1}% 5
\BOOKMARK [1][-]{section.1.4}{Objectives}{chapter.1}% 6
\BOOKMARK [1][-]{section.1.5}{Ressources}{chapter.1}% 7
\BOOKMARK [2][-]{subsection.1.5.1}{Hardware}{section.1.5}% 8
\BOOKMARK [2][-]{subsection.1.5.2}{Software}{section.1.5}% 9
\BOOKMARK [1][-]{section.1.6}{Outline}{chapter.1}% 10
\BOOKMARK [0][-]{chapter.2}{State of the art}{}% 11
\BOOKMARK [1][-]{section.2.1}{Drones}{chapter.2}% 12
\BOOKMARK [2][-]{subsection.2.1.1}{Number of rotors}{section.2.1}% 13
\BOOKMARK [1][-]{section.2.2}{Computer Vision}{chapter.2}% 14
\BOOKMARK [2][-]{subsection.2.2.1}{Keypoint Detection, Description, and Matching}{section.2.2}% 15
\BOOKMARK [2][-]{subsection.2.2.2}{Bundle Adjustment}{section.2.2}% 16
\BOOKMARK [1][-]{section.2.3}{Simultaneous Localization And Mapping}{chapter.2}% 17
\BOOKMARK [2][-]{subsection.2.3.1}{Parallel Tracking and Mapping \(PTAM\)}{section.2.3}% 18
\BOOKMARK [2][-]{subsection.2.3.2}{ORB-SLAM}{section.2.3}% 19
\BOOKMARK [2][-]{subsection.2.3.3}{Large-Scale Direct Monocular SLAM \(LSD-SLAM\)}{section.2.3}% 20
\BOOKMARK [2][-]{subsection.2.3.4}{Direct Sparse Odometry \(DSO\)}{section.2.3}% 21
\BOOKMARK [2][-]{subsection.2.3.5}{SVO}{section.2.3}% 22
\BOOKMARK [2][-]{subsection.2.3.6}{CNN-SLAM}{section.2.3}% 23
\BOOKMARK [0][-]{chapter.3}{Computer Vision}{}% 24
\BOOKMARK [1][-]{section.3.1}{Camera geometry and projection}{chapter.3}% 25
\BOOKMARK [2][-]{subsection.3.1.1}{Extrinsic parameters}{section.3.1}% 26
\BOOKMARK [2][-]{subsection.3.1.2}{Instrinsic Parameters}{section.3.1}% 27
\BOOKMARK [1][-]{section.3.2}{Scale-space representation}{chapter.3}% 28
\BOOKMARK [1][-]{section.3.3}{SURF Keypoint Detector}{chapter.3}% 29
\BOOKMARK [1][-]{section.3.4}{SIFT Keypoint Descriptor}{chapter.3}% 30
\BOOKMARK [1][-]{section.3.5}{Keypoint Tracking}{chapter.3}% 31
\BOOKMARK [1][-]{section.3.6}{Detection and Tracking hybrid}{chapter.3}% 32
\BOOKMARK [1][-]{section.3.7}{Keypoint Matching}{chapter.3}% 33
\BOOKMARK [0][-]{chapter.4}{Localization}{}% 34
\BOOKMARK [1][-]{section.4.1}{Perspective-n-Point}{chapter.4}% 35
\BOOKMARK [2][-]{subsection.4.1.1}{P3P}{section.4.1}% 36
\BOOKMARK [2][-]{subsection.4.1.2}{EPnP}{section.4.1}% 37
\BOOKMARK [2][-]{subsection.4.1.3}{Random Sample Consensus}{section.4.1}% 38
\BOOKMARK [1][-]{section.4.2}{Visual Odometry from optical flow}{chapter.4}% 39
\BOOKMARK [1][-]{section.4.3}{Pose Fusion}{chapter.4}% 40
\BOOKMARK [0][-]{chapter.5}{Mapping}{}% 41
\BOOKMARK [1][-]{section.5.1}{Structure of the map}{chapter.5}% 42
\BOOKMARK [1][-]{section.5.2}{Triangulation}{chapter.5}% 43
\BOOKMARK [2][-]{subsection.5.2.1}{Midpoint Method}{section.5.2}% 44
\BOOKMARK [2][-]{subsection.5.2.2}{Linear least squares}{section.5.2}% 45
\BOOKMARK [2][-]{subsection.5.2.3}{Optimal Correction}{section.5.2}% 46
\BOOKMARK [1][-]{section.5.3}{Bundle Adjustment}{chapter.5}% 47
\BOOKMARK [2][-]{subsection.5.3.1}{Variables and constants}{section.5.3}% 48
\BOOKMARK [2][-]{subsection.5.3.2}{Objective function}{section.5.3}% 49
\BOOKMARK [2][-]{subsection.5.3.3}{Constraints}{section.5.3}% 50
\BOOKMARK [2][-]{subsection.5.3.4}{Solver}{section.5.3}% 51
\BOOKMARK [1][-]{section.5.4}{Mapping Strategy}{chapter.5}% 52
\BOOKMARK [2][-]{subsection.5.4.1}{Map Initialization}{section.5.4}% 53
\BOOKMARK [2][-]{subsection.5.4.2}{Rejecting outliers}{section.5.4}% 54
\BOOKMARK [0][-]{chapter.6}{Results}{}% 55
\BOOKMARK [1][-]{section.6.1}{Evaluation procedure}{chapter.6}% 56
\BOOKMARK [2][-]{subsection.6.1.1}{Comparison of triangulation methods}{section.6.1}% 57
\BOOKMARK [2][-]{subsection.6.1.2}{Bundle Adjustment}{section.6.1}% 58
\BOOKMARK [2][-]{subsection.6.1.3}{Tuning the Bundle Adjustment}{section.6.1}% 59
